[2025-11-25 15:56:07] [IPN Recebido (GET): []IPN_RECEBIDO]
[2025-11-25 15:56:07] [IPN Ignorado: ID ou TOPIC ausentes.IPN_ERROR]
[2025-11-25 15:56:16] [IPN Recebido (GET): []IPN_RECEBIDO]
[2025-11-25 15:56:16] [IPN Ignorado: ID ou TOPIC ausentes.IPN_ERROR]
[2025-11-25 15:56:32] [IPN Recebido (GET): []IPN_RECEBIDO]
[2025-11-25 15:56:32] [IPN Ignorado: ID ou TOPIC ausentes.IPN_ERROR]
[2025-11-25 15:56:33] [IPN Recebido (GET): []IPN_RECEBIDO]
[2025-11-25 15:56:33] [IPN Ignorado: ID ou TOPIC ausentes.IPN_ERROR]
[2025-11-25 15:56:37] [IPN Recebido (GET): []IPN_RECEBIDO]
[2025-11-25 15:56:37] [IPN Ignorado: ID ou TOPIC ausentes.IPN_ERROR]
[2025-11-25 15:56:44] [IPN Recebido (GET): []IPN_RECEBIDO]
[2025-11-25 15:56:44] [IPN Ignorado: ID ou TOPIC ausentes.IPN_ERROR]
[2025-11-25 15:56:44] [IPN Recebido (GET): []IPN_RECEBIDO]
[2025-11-25 15:56:44] [IPN Ignorado: ID ou TOPIC ausentes.IPN_ERROR]
[2025-11-25 15:56:45] [IPN Recebido (GET): []IPN_RECEBIDO]
[2025-11-25 15:56:45] [IPN Ignorado: ID ou TOPIC ausentes.IPN_ERROR]
[2025-11-25 15:56:45] [IPN Recebido (GET): []IPN_RECEBIDO]
[2025-11-25 15:56:45] [IPN Ignorado: ID ou TOPIC ausentes.IPN_ERROR]
[2025-11-25 15:56:45] [IPN Recebido (GET): []IPN_RECEBIDO]
[2025-11-25 15:56:45] [IPN Ignorado: ID ou TOPIC ausentes.IPN_ERROR]
[2025-11-25 15:56:45] [IPN Recebido (GET): []IPN_RECEBIDO]
[2025-11-25 15:56:45] [IPN Ignorado: ID ou TOPIC ausentes.IPN_ERROR]
[2025-11-25 15:56:46] [IPN Recebido (GET): []IPN_RECEBIDO]
[2025-11-25 15:56:46] [IPN Ignorado: ID ou TOPIC ausentes.IPN_ERROR]
[2025-11-25 15:56:46] [IPN Recebido (GET): []IPN_RECEBIDO]
[2025-11-25 15:56:46] [IPN Ignorado: ID ou TOPIC ausentes.IPN_ERROR]
[2025-11-25 15:56:46] [IPN Recebido (GET): []IPN_RECEBIDO]
[2025-11-25 15:56:46] [IPN Ignorado: ID ou TOPIC ausentes.IPN_ERROR]
[2025-11-25 15:56:46] [IPN Recebido (GET): []IPN_RECEBIDO]
[2025-11-25 15:56:46] [IPN Ignorado: ID ou TOPIC ausentes.IPN_ERROR]
[2025-11-25 16:00:34] [IPN Recebido (GET): {"data_id":"134574312137","type":"payment"}IPN_RECEBIDO]
[2025-11-25 16:00:34] [IPN Ignorado: ID ou TOPIC ausentes.IPN_ERROR]
[2025-11-25 16:00:35] [IPN Recebido (GET): []IPN_RECEBIDO]
[2025-11-25 16:00:35] [IPN Ignorado: ID ou TOPIC ausentes.IPN_ERROR]
[2025-11-25 16:00:36] [IPN Recebido (GET): []IPN_RECEBIDO]
[2025-11-25 16:00:36] [IPN Ignorado: ID ou TOPIC ausentes.IPN_ERROR]
[2025-11-25 16:00:37] [IPN Recebido (GET): []IPN_RECEBIDO]
[2025-11-25 16:00:37] [IPN Ignorado: ID ou TOPIC ausentes.IPN_ERROR]
[2025-11-25 16:00:38] [IPN Recebido (GET): []IPN_RECEBIDO]
[2025-11-25 16:00:38] [IPN Ignorado: ID ou TOPIC ausentes.IPN_ERROR]
[2025-11-25 16:00:38] [IPN Recebido (GET): []IPN_RECEBIDO]
[2025-11-25 16:00:38] [IPN Ignorado: ID ou TOPIC ausentes.IPN_ERROR]
[2025-11-25 16:00:38] [IPN Recebido (GET): []IPN_RECEBIDO]
[2025-11-25 16:00:38] [IPN Ignorado: ID ou TOPIC ausentes.IPN_ERROR]
[2025-11-25 16:00:38] [IPN Recebido (GET): []IPN_RECEBIDO]
[2025-11-25 16:00:38] [IPN Ignorado: ID ou TOPIC ausentes.IPN_ERROR]
[2025-11-25 16:00:38] [IPN Recebido (GET): []IPN_RECEBIDO]
[2025-11-25 16:00:38] [IPN Ignorado: ID ou TOPIC ausentes.IPN_ERROR]
[2025-11-25 16:00:39] [IPN Recebido (GET): []IPN_RECEBIDO]
[2025-11-25 16:00:39] [IPN Ignorado: ID ou TOPIC ausentes.IPN_ERROR]
[2025-11-25 16:00:39] [IPN Recebido (GET): []IPN_RECEBIDO]
[2025-11-25 16:00:39] [IPN Ignorado: ID ou TOPIC ausentes.IPN_ERROR]
[2025-11-25 16:00:39] [IPN Recebido (GET): []IPN_RECEBIDO]
[2025-11-25 16:00:39] [IPN Ignorado: ID ou TOPIC ausentes.IPN_ERROR]
[2025-11-25 16:00:39] [IPN Recebido (GET): []IPN_RECEBIDO]
[2025-11-25 16:00:39] [IPN Ignorado: ID ou TOPIC ausentes.IPN_ERROR]
[2025-11-25 16:00:44] [IPN Recebido (GET): []IPN_RECEBIDO]
[2025-11-25 16:00:44] [IPN Ignorado: ID ou TOPIC ausentes.IPN_ERROR]
[2025-11-25 16:00:49] [IPN Recebido (GET): []IPN_RECEBIDO]
[2025-11-25 16:00:49] [IPN Ignorado: ID ou TOPIC ausentes.IPN_ERROR]
[2025-11-25 16:00:49] [IPN Recebido (GET): []IPN_RECEBIDO]
[2025-11-25 16:00:49] [IPN Ignorado: ID ou TOPIC ausentes.IPN_ERROR]
[2025-11-25 16:00:50] [IPN Recebido (GET): []IPN_RECEBIDO]
[2025-11-25 16:00:50] [IPN Ignorado: ID ou TOPIC ausentes.IPN_ERROR]
[2025-11-25 16:00:50] [IPN Recebido (GET): []IPN_RECEBIDO]
[2025-11-25 16:00:50] [IPN Ignorado: ID ou TOPIC ausentes.IPN_ERROR]
[2025-11-25 16:00:50] [IPN Recebido (GET): []IPN_RECEBIDO]
[2025-11-25 16:00:50] [IPN Ignorado: ID ou TOPIC ausentes.IPN_ERROR]
[2025-11-25 16:00:50] [IPN Recebido (GET): []IPN_RECEBIDO]
[2025-11-25 16:00:50] [IPN Ignorado: ID ou TOPIC ausentes.IPN_ERROR]
[2025-11-25 16:00:55] [IPN Recebido (GET): []IPN_RECEBIDO]
[2025-11-25 16:00:55] [IPN Ignorado: ID ou TOPIC ausentes.IPN_ERROR]
[2025-11-25 16:00:56] [IPN Recebido (GET): []IPN_RECEBIDO]
[2025-11-25 16:00:56] [IPN Ignorado: ID ou TOPIC ausentes.IPN_ERROR]
[2025-11-25 16:00:56] [IPN Recebido (GET): []IPN_RECEBIDO]
[2025-11-25 16:00:56] [IPN Ignorado: ID ou TOPIC ausentes.IPN_ERROR]
[2025-11-25 16:01:08] [IPN Recebido (GET): []IPN_RECEBIDO]
[2025-11-25 16:01:08] [IPN Ignorado: ID ou TOPIC ausentes.IPN_ERROR]
[2025-11-25 16:01:15] [IPN Recebido (GET): []IPN_RECEBIDO]
[2025-11-25 16:01:15] [IPN Ignorado: ID ou TOPIC ausentes.IPN_ERROR]
[2025-11-25 16:01:16] [IPN Recebido (GET): []IPN_RECEBIDO]
[2025-11-25 16:01:16] [IPN Ignorado: ID ou TOPIC ausentes.IPN_ERROR]
[2025-11-25 16:25:33] [IPN Recebido (GET): {"id":"35860906822","topic":"merchant_order"}IPN_RECEBIDO]
[2025-11-25 16:25:33] [IPN Recebido (GET): {"data_id":"134572634741","type":"payment"}IPN_RECEBIDO]
[2025-11-25 16:25:33] [IPN Ignorado: ID ou TOPIC ausentes.IPN_ERROR]
[2025-11-25 16:26:03] [IPN Recebido (GET): {"id":"35835820383","topic":"merchant_order"}IPN_RECEBIDO]
[2025-11-25 17:35:52] [IPN Recebido (GET): []IPN_RECEBIDO]
[2025-11-25 17:35:52] [IPN Ignorado: ID ou TOPIC ausentes.IPN_ERROR]
[2025-11-25 17:35:53] [IPN Recebido (GET): []IPN_RECEBIDO]
[2025-11-25 17:35:53] [IPN Ignorado: ID ou TOPIC ausentes.IPN_ERROR]
[2025-11-25 17:35:54] [IPN Recebido (GET): []IPN_RECEBIDO]
[2025-11-25 17:35:54] [IPN Ignorado: ID ou TOPIC ausentes.IPN_ERROR]
[2025-11-25 17:35:54] [IPN Recebido (GET): []IPN_RECEBIDO]
[2025-11-25 17:35:54] [IPN Ignorado: ID ou TOPIC ausentes.IPN_ERROR]
[2025-11-25 17:35:54] [IPN Recebido (GET): []IPN_RECEBIDO]
[2025-11-25 17:35:54] [IPN Ignorado: ID ou TOPIC ausentes.IPN_ERROR]
[2025-11-25 17:35:54] [IPN Recebido (GET): []IPN_RECEBIDO]
[2025-11-25 17:35:54] [IPN Ignorado: ID ou TOPIC ausentes.IPN_ERROR]
[2025-11-25 17:35:55] [IPN Recebido (GET): []IPN_RECEBIDO]
[2025-11-25 17:35:55] [IPN Ignorado: ID ou TOPIC ausentes.IPN_ERROR]
[2025-11-25 17:36:02] [IPN Recebido (GET): []IPN_RECEBIDO]
[2025-11-25 17:36:02] [IPN Ignorado: ID ou TOPIC ausentes.IPN_ERROR]
[2025-11-25 17:36:04] [IPN Recebido (GET): []IPN_RECEBIDO]
[2025-11-25 17:36:04] [IPN Ignorado: ID ou TOPIC ausentes.IPN_ERROR]
[2025-11-25 17:36:04] [IPN Recebido (GET): []IPN_RECEBIDO]
[2025-11-25 17:36:04] [IPN Ignorado: ID ou TOPIC ausentes.IPN_ERROR]
[2025-11-25 17:36:04] [IPN Recebido (GET): []IPN_RECEBIDO]
[2025-11-25 17:36:04] [IPN Ignorado: ID ou TOPIC ausentes.IPN_ERROR]
[2025-11-25 17:36:04] [IPN Recebido (GET): []IPN_RECEBIDO]
[2025-11-25 17:36:04] [IPN Ignorado: ID ou TOPIC ausentes.IPN_ERROR]
[2025-11-25 17:36:05] [IPN Recebido (GET): []IPN_RECEBIDO]
[2025-11-25 17:36:05] [IPN Ignorado: ID ou TOPIC ausentes.IPN_ERROR]
[2025-11-25 17:36:05] [IPN Recebido (GET): []IPN_RECEBIDO]
[2025-11-25 17:36:05] [IPN Ignorado: ID ou TOPIC ausentes.IPN_ERROR]
[2025-11-25 17:36:05] [IPN Recebido (GET): []IPN_RECEBIDO]
[2025-11-25 17:36:05] [IPN Ignorado: ID ou TOPIC ausentes.IPN_ERROR]
[2025-11-25 17:36:05] [IPN Recebido (GET): []IPN_RECEBIDO]
[2025-11-25 17:36:05] [IPN Ignorado: ID ou TOPIC ausentes.IPN_ERROR]
[2025-11-25 17:36:05] [IPN Recebido (GET): []IPN_RECEBIDO]
[2025-11-25 17:36:05] [IPN Ignorado: ID ou TOPIC ausentes.IPN_ERROR]
[2025-11-25 17:36:05] [IPN Recebido (GET): []IPN_RECEBIDO]
[2025-11-25 17:36:05] [IPN Ignorado: ID ou TOPIC ausentes.IPN_ERROR]
[2025-11-25 17:36:06] [IPN Recebido (GET): []IPN_RECEBIDO]
[2025-11-25 17:36:06] [IPN Ignorado: ID ou TOPIC ausentes.IPN_ERROR]
[2025-11-25 17:36:06] [IPN Recebido (GET): []IPN_RECEBIDO]
[2025-11-25 17:36:06] [IPN Ignorado: ID ou TOPIC ausentes.IPN_ERROR]
[2025-11-25 17:36:06] [IPN Recebido (GET): []IPN_RECEBIDO]
[2025-11-25 17:36:06] [IPN Ignorado: ID ou TOPIC ausentes.IPN_ERROR]
[2025-11-25 17:36:06] [IPN Recebido (GET): []IPN_RECEBIDO]
[2025-11-25 17:36:06] [IPN Ignorado: ID ou TOPIC ausentes.IPN_ERROR]
[2025-11-25 17:36:06] [IPN Recebido (GET): []IPN_RECEBIDO]
[2025-11-25 17:36:06] [IPN Ignorado: ID ou TOPIC ausentes.IPN_ERROR]
[2025-11-25 17:36:07] [IPN Recebido (GET): []IPN_RECEBIDO]
[2025-11-25 17:36:07] [IPN Ignorado: ID ou TOPIC ausentes.IPN_ERROR]
[2025-11-25 17:36:07] [IPN Recebido (GET): []IPN_RECEBIDO]
[2025-11-25 17:36:07] [IPN Ignorado: ID ou TOPIC ausentes.IPN_ERROR]
[2025-11-25 17:36:07] [IPN Recebido (GET): []IPN_RECEBIDO]
[2025-11-25 17:36:07] [IPN Ignorado: ID ou TOPIC ausentes.IPN_ERROR]
[2025-11-25 17:36:07] [IPN Recebido (GET): []IPN_RECEBIDO]
[2025-11-25 17:36:07] [IPN Ignorado: ID ou TOPIC ausentes.IPN_ERROR]
[2025-11-25 17:36:07] [IPN Recebido (GET): []IPN_RECEBIDO]
[2025-11-25 17:36:07] [IPN Ignorado: ID ou TOPIC ausentes.IPN_ERROR]
[2025-11-25 17:36:07] [IPN Recebido (GET): []IPN_RECEBIDO]
[2025-11-25 17:36:07] [IPN Ignorado: ID ou TOPIC ausentes.IPN_ERROR]
[2025-11-25 17:36:08] [IPN Recebido (GET): []IPN_RECEBIDO]
[2025-11-25 17:36:08] [IPN Ignorado: ID ou TOPIC ausentes.IPN_ERROR]
[2025-11-25 17:36:08] [IPN Recebido (GET): []IPN_RECEBIDO]
[2025-11-25 17:36:08] [IPN Ignorado: ID ou TOPIC ausentes.IPN_ERROR]
[2025-11-25 17:36:08] [IPN Recebido (GET): []IPN_RECEBIDO]
[2025-11-25 17:36:08] [IPN Ignorado: ID ou TOPIC ausentes.IPN_ERROR]
[2025-11-25 17:36:08] [IPN Recebido (GET): []IPN_RECEBIDO]
[2025-11-25 17:36:08] [IPN Ignorado: ID ou TOPIC ausentes.IPN_ERROR]
[2025-11-25 17:36:08] [IPN Recebido (GET): []IPN_RECEBIDO]
[2025-11-25 17:36:08] [IPN Ignorado: ID ou TOPIC ausentes.IPN_ERROR]
[2025-11-25 17:36:09] [IPN Recebido (GET): []IPN_RECEBIDO]
[2025-11-25 17:36:09] [IPN Ignorado: ID ou TOPIC ausentes.IPN_ERROR]
[2025-11-25 17:36:09] [IPN Recebido (GET): []IPN_RECEBIDO]
[2025-11-25 17:36:09] [IPN Ignorado: ID ou TOPIC ausentes.IPN_ERROR]
[2025-11-25 17:36:09] [IPN Recebido (GET): []IPN_RECEBIDO]
[2025-11-25 17:36:09] [IPN Ignorado: ID ou TOPIC ausentes.IPN_ERROR]
[2025-11-25 17:36:09] [IPN Recebido (GET): []IPN_RECEBIDO]
[2025-11-25 17:36:09] [IPN Ignorado: ID ou TOPIC ausentes.IPN_ERROR]
[2025-11-25 17:36:09] [IPN Recebido (GET): []IPN_RECEBIDO]
[2025-11-25 17:36:09] [IPN Ignorado: ID ou TOPIC ausentes.IPN_ERROR]
[2025-11-25 17:36:10] [IPN Recebido (GET): []IPN_RECEBIDO]
[2025-11-25 17:36:10] [IPN Ignorado: ID ou TOPIC ausentes.IPN_ERROR]
[2025-11-25 17:36:18] [IPN Recebido (GET): []IPN_RECEBIDO]
[2025-11-25 17:36:18] [IPN Ignorado: ID ou TOPIC ausentes.IPN_ERROR]
[2025-11-25 17:47:25] [IPN Recebido (GET): {"id":"35864779996","topic":"merchant_order"}IPN_RECEBIDO]
[2025-11-25 17:47:26] [IPN Recebido (GET): {"data_id":"135205164450","type":"payment"}IPN_RECEBIDO]
[2025-11-25 17:47:26] [IPN Ignorado: ID ou TOPIC ausentes.IPN_ERROR]
[2025-11-25 17:48:13] [IPN Recebido (GET): {"id":"35864779996","topic":"merchant_order"}IPN_RECEBIDO]
[2025-11-25 17:48:14] [IPN Recebido (GET): {"id":"135205164450","topic":"payment"}IPN_RECEBIDO]
[2025-11-25 17:48:15] [IPN Recebido (GET): {"id":"135205164450","topic":"payment"}IPN_RECEBIDO]
[2025-11-25 17:50:05] [IPN Recebido (GET): []IPN_RECEBIDO]
[2025-11-25 17:50:05] [IPN Ignorado: ID ou TOPIC ausentes.IPN_ERROR]
[2025-11-25 17:50:07] [IPN Recebido (GET): []IPN_RECEBIDO]
[2025-11-25 17:50:07] [IPN Ignorado: ID ou TOPIC ausentes.IPN_ERROR]
[2025-11-25 17:50:07] [IPN Recebido (GET): []IPN_RECEBIDO]
[2025-11-25 17:50:07] [IPN Ignorado: ID ou TOPIC ausentes.IPN_ERROR]
[2025-11-25 17:50:07] [IPN Recebido (GET): []IPN_RECEBIDO]
[2025-11-25 17:50:07] [IPN Ignorado: ID ou TOPIC ausentes.IPN_ERROR]
[2025-11-25 17:50:07] [IPN Recebido (GET): []IPN_RECEBIDO]
[2025-11-25 17:50:07] [IPN Ignorado: ID ou TOPIC ausentes.IPN_ERROR]
[2025-11-25 17:50:47] [IPN Recebido (GET): []IPN_RECEBIDO]
[2025-11-25 17:50:47] [IPN Ignorado: ID ou TOPIC ausentes.IPN_ERROR]
[2025-11-25 17:50:52] [IPN Recebido (GET): []IPN_RECEBIDO]
[2025-11-25 17:50:52] [IPN Ignorado: ID ou TOPIC ausentes.IPN_ERROR]
[2025-11-25 17:52:14] [IPN Recebido (GET): {"data_id":"135205646708","type":"payment"}IPN_RECEBIDO]
[2025-11-25 17:52:15] [IPN Recebido (GET): {"id":"35839847617","topic":"merchant_order"}IPN_RECEBIDO]
[2025-11-25 17:52:53] [IPN Recebido (GET): {"id":"135205646708","topic":"payment"}IPN_RECEBIDO]
[2025-11-25 17:54:00] [IPN Recebido (GET): {"data_id":"134591053555","type":"payment"}IPN_RECEBIDO]
[2025-11-25 17:54:00] [IPN Ignorado: ID ou TOPIC ausentes.IPN_ERROR]
[2025-11-25 17:54:00] [IPN Recebido (GET): {"id":"134591053555","topic":"payment"}IPN_RECEBIDO]
[2025-11-25 17:54:03] [IPN Recebido (GET): {"id":"35839888163","topic":"merchant_order"}IPN_RECEBIDO]
[2025-11-25 17:54:38] [IPN Recebido (GET): {"id":"134591053555","topic":"payment"}IPN_RECEBIDO]
[2025-11-25 17:54:38] [IPN Recebido (GET): {"id":"134591053555","topic":"payment"}IPN_RECEBIDO]
[2025-11-25 18:00:37] [IPN Recebido (GET): {"id":"35840061847","topic":"merchant_order"}IPN_RECEBIDO]
[2025-11-25 18:00:37] [IPN Ignorado: Tópico não é 'payment': merchant_order]
[2025-11-25 18:00:38] [IPN Recebido (GET): {"data_id":"134591835273","type":"payment"}IPN_RECEBIDO]
[2025-11-25 18:00:38] [IPN Recebido (GET): {"id":"35840061847","topic":"merchant_order"}IPN_RECEBIDO]
[2025-11-25 18:00:38] [IPN Ignorado: Tópico não é 'payment': merchant_order]
[2025-11-25 18:01:23] [IPN Recebido (GET): {"id":"134591835273","topic":"payment"}IPN_RECEBIDO]
[2025-11-25 18:01:24] [IPN Recebido (GET): {"id":"134591835273","topic":"payment"}IPN_RECEBIDO]
[2025-11-25 18:01:27] [IPN Recebido (GET): {"data_id":"134591835273","type":"payment"}IPN_RECEBIDO]
[2025-11-25 18:05:59] [IPN Recebido (GET): {"id":"135205164450","topic":"payment"}IPN_RECEBIDO]
[2025-11-25 18:06:00] [IPN Recebido (GET): {"id":"35864779996","topic":"merchant_order"}IPN_RECEBIDO]
[2025-11-25 18:06:00] [IPN Ignorado: Tópico não é 'payment': merchant_order]
[2025-11-25 18:07:15] [IPN Recebido (GET): {"id":"35840221759","topic":"merchant_order"}IPN_RECEBIDO]
[2025-11-25 18:07:15] [IPN Ignorado: Tópico não é 'payment': merchant_order]
[2025-11-25 18:07:56] [IPN Recebido (GET): {"data_id":"134592678397","type":"payment"}IPN_RECEBIDO]
[2025-11-25 18:08:01] [IPN Recebido (GET): {"id":"134592678397","topic":"payment"}IPN_RECEBIDO]
[2025-11-25 18:08:02] [IPN Recebido (GET): {"id":"134592678397","topic":"payment"}IPN_RECEBIDO]
[2025-11-25 18:10:21] [IPN Recebido (GET): {"id":"134591053555","topic":"payment"}IPN_RECEBIDO]
[2025-11-25 18:11:11] [IPN Recebido (GET): {"id":"35839888163","topic":"merchant_order"}IPN_RECEBIDO]
[2025-11-25 18:11:11] [IPN Ignorado: Tópico não é 'payment': merchant_order]
[2025-11-25 18:17:42] [IPN Recebido (GET): {"id":"35865513928","topic":"merchant_order"}IPN_RECEBIDO]
[2025-11-25 18:17:42] [IPN Ignorado: Tópico não é 'payment': merchant_order]
[2025-11-25 18:17:43] [IPN Recebido (GET): {"data_id":"135208235948","type":"payment"}IPN_RECEBIDO]
[2025-11-25 18:17:43] [IPN Recebido (GET): {"id":"135208235948","topic":"payment"}IPN_RECEBIDO]
[2025-11-25 18:17:43] [IPN Recebido (GET): {"id":"35865513928","topic":"merchant_order"}IPN_RECEBIDO]
[2025-11-25 18:17:43] [IPN Ignorado: Tópico não é 'payment': merchant_order]
[2025-11-25 18:17:43] [Consulta MP SUCESSO: Payment ID: 135208235948, Status: approved, Preference ID:  MP_CONSULTA_SUCESSO]
[2025-11-25 18:17:43] [Consulta MP SUCESSO: Payment ID: 135208235948, Status: approved, Preference ID:  MP_CONSULTA_SUCESSO]
[2025-11-25 18:18:22] [IPN Recebido (GET): {"data_id":"135208235948","type":"payment"}IPN_RECEBIDO]
[2025-11-25 18:18:23] [Consulta MP SUCESSO: Payment ID: 135208235948, Status: approved, Preference ID:  MP_CONSULTA_SUCESSO]
[2025-11-25 18:18:23] [IPN Recebido (GET): {"data_id":"135208235948","type":"payment"}IPN_RECEBIDO]
[2025-11-25 18:18:24] [Consulta MP SUCESSO: Payment ID: 135208235948, Status: approved, Preference ID:  MP_CONSULTA_SUCESSO]
[2025-11-25 18:18:26] [IPN Recebido (GET): {"id":"135208235948","topic":"payment"}IPN_RECEBIDO]
[2025-11-25 18:18:27] [Consulta MP SUCESSO: Payment ID: 135208235948, Status: approved, Preference ID:  MP_CONSULTA_SUCESSO]
[2025-11-25 18:18:27] [IPN Recebido (GET): {"id":"135208235948","topic":"payment"}IPN_RECEBIDO]
[2025-11-25 18:18:28] [Consulta MP SUCESSO: Payment ID: 135208235948, Status: approved, Preference ID:  MP_CONSULTA_SUCESSO]
[2025-11-25 18:20:27] [IPN Recebido (GET): {"id":"134591835273","topic":"payment"}IPN_RECEBIDO]
[2025-11-25 18:20:27] [Consulta MP SUCESSO: Payment ID: 134591835273, Status: approved, Preference ID:  MP_CONSULTA_SUCESSO]
[2025-11-25 18:20:30] [IPN Recebido (GET): {"data_id":"134591835273","type":"payment"}IPN_RECEBIDO]
[2025-11-25 18:20:30] [Consulta MP SUCESSO: Payment ID: 134591835273, Status: approved, Preference ID:  MP_CONSULTA_SUCESSO]
[2025-11-25 18:21:53] [IPN Recebido (GET): {"id":"35865610178","topic":"merchant_order"}IPN_RECEBIDO]
[2025-11-25 18:21:53] [IPN Ignorado: Tópico não é 'payment': merchant_order]
[2025-11-25 18:21:54] [IPN Recebido (GET): {"data_id":"134594057391","type":"payment"}IPN_RECEBIDO]
[2025-11-25 18:21:54] [IPN Recebido (GET): {"id":"134594057391","topic":"payment"}IPN_RECEBIDO]
[2025-11-25 18:21:54] [IPN Recebido (GET): {"id":"35865610178","topic":"merchant_order"}IPN_RECEBIDO]
[2025-11-25 18:21:54] [IPN Ignorado: Tópico não é 'payment': merchant_order]
[2025-11-25 18:22:30] [IPN Recebido (GET): {"id":"134594057391","topic":"payment"}IPN_RECEBIDO]
[2025-11-25 18:22:31] [IPN Recebido (GET): {"id":"134594057391","topic":"payment"}IPN_RECEBIDO]
[2025-11-25 18:22:33] [IPN Recebido (GET): {"data_id":"134594057391","type":"payment"}IPN_RECEBIDO]
[2025-11-25 18:22:34] [IPN Recebido (GET): {"data_id":"134594057391","type":"payment"}IPN_RECEBIDO]
[2025-11-25 18:25:34] [IPN Recebido (GET): {"id":"134592678397","topic":"payment"}IPN_RECEBIDO]
[2025-11-25 18:26:34] [IPN Recebido (GET): {"data_id":"134592678397","type":"payment"}IPN_RECEBIDO]
[2025-11-25 18:35:50] [IPN Recebido (GET): {"id":"135208235948","topic":"payment"}IPN_RECEBIDO]
[2025-11-25 18:35:51] [IPN Recebido (GET): {"data_id":"135208235948","type":"payment"}IPN_RECEBIDO]
[2025-11-25 18:36:03] [IPN Recebido (GET): {"id":"135208111476","topic":"payment"}IPN_RECEBIDO]
[2025-11-25 18:36:04] [IPN Recebido (GET): {"id":"35865471976","topic":"merchant_order"}IPN_RECEBIDO]
[2025-11-25 18:36:04] [IPN Ignorado: Tópico não é 'payment': merchant_order]
[2025-11-25 18:36:05] [IPN Recebido (GET): {"data_id":"135208111476","type":"payment"}IPN_RECEBIDO]
[2025-11-25 18:36:59] [IPN Recebido (GET): {"id":"35840929523","topic":"merchant_order"}IPN_RECEBIDO]
[2025-11-25 18:36:59] [IPN Ignorado: Tópico não é 'payment': merchant_order]
[2025-11-25 18:37:00] [IPN Recebido (GET): {"data_id":"134595633499","type":"payment"}IPN_RECEBIDO]
[2025-11-25 18:37:00] [IPN Recebido (GET): {"id":"134595633499","topic":"payment"}IPN_RECEBIDO]
[2025-11-25 18:37:00] [IPN Recebido (GET): {"id":"35840929523","topic":"merchant_order"}IPN_RECEBIDO]
[2025-11-25 18:37:00] [IPN Ignorado: Tópico não é 'payment': merchant_order]
[2025-11-25 18:37:00] [Consulta MP SUCESSO: Payment ID: 134595633499, Status: approved, Preference ID: order_6925e913bb858 MP_CONSULTA_SUCESSO]
[2025-11-25 18:37:00] [Pedido atualizado com sucesso. Status: aprovado BD_SUCESSO]
[2025-11-25 18:37:00] [Consulta MP SUCESSO: Payment ID: 134595633499, Status: approved, Preference ID: order_6925e913bb858 MP_CONSULTA_SUCESSO]
[2025-11-25 18:37:00] [Pedido atualizado com sucesso. Status: aprovado BD_SUCESSO]
[2025-11-25 18:40:26] [IPN Recebido (GET): {"id":"134596220279","topic":"payment"}IPN_RECEBIDO]
[2025-11-25 18:40:27] [Consulta MP SUCESSO: Payment ID: 134596220279, Status: approved, external_reference: order_6925e9dfbb9aa MP_CONSULTA_SUCESSO]
[2025-11-25 18:40:27] [Pedido atualizado com sucesso. Status: aprovado BD_SUCESSO]
[2025-11-25 18:40:32] [IPN Recebido (GET): {"id":"134594057391","topic":"payment"}IPN_RECEBIDO]
[2025-11-25 18:40:32] [IPN Recebido (GET): {"data_id":"134594057391","type":"payment"}IPN_RECEBIDO]
[2025-11-25 18:40:37] [IPN Recebido (GET): {"id":"135205164450","topic":"payment"}IPN_RECEBIDO]
[2025-11-25 18:41:03] [IPN Recebido (GET): {"data_id":"134596220279","type":"payment"}IPN_RECEBIDO]
[2025-11-25 18:41:04] [Consulta MP SUCESSO: Payment ID: 134596220279, Status: approved, external_reference: order_6925e9dfbb9aa MP_CONSULTA_SUCESSO]
[2025-11-25 18:41:04] [Pedido atualizado com sucesso. Status: aprovado BD_SUCESSO]
[2025-11-25 18:41:05] [IPN Recebido (GET): {"id":"35841017799","topic":"merchant_order"}IPN_RECEBIDO]
[2025-11-25 18:41:05] [IPN Ignorado: Tópico não é 'payment': merchant_order]
[2025-11-25 18:41:13] [IPN Recebido (GET): {"id":"35841017799","topic":"merchant_order"}IPN_RECEBIDO]
[2025-11-25 18:41:13] [IPN Ignorado: Tópico não é 'payment': merchant_order]
[2025-11-25 18:45:27] [IPN Recebido (GET): {"data_id":"135205646708","type":"payment"}IPN_RECEBIDO]
[2025-11-25 18:45:33] [IPN Recebido (GET): {"id":"135205646708","topic":"payment"}IPN_RECEBIDO]
[2025-11-25 18:45:45] [IPN Recebido (GET): {"id":"134591053555","topic":"payment"}IPN_RECEBIDO]
[2025-11-25 18:45:46] [IPN Recebido (GET): {"id":"35839847617","topic":"merchant_order"}IPN_RECEBIDO]
[2025-11-25 18:45:46] [IPN Ignorado: Tópico não é 'payment': merchant_order]
[2025-11-25 18:55:35] [IPN Recebido (GET): {"id":"134591835273","topic":"payment"}IPN_RECEBIDO]
[2025-11-25 18:55:50] [IPN Recebido (GET): {"data_id":"134591835273","type":"payment"}IPN_RECEBIDO]
[2025-11-25 19:00:47] [IPN Recebido (GET): {"data_id":"134592678397","type":"payment"}IPN_RECEBIDO]
[2025-11-25 19:01:02] [IPN Recebido (GET): {"id":"134592678397","topic":"payment"}IPN_RECEBIDO]
[2025-11-25 19:10:42] [IPN Recebido (GET): {"id":"135208235948","topic":"payment"}IPN_RECEBIDO]
[2025-11-25 19:10:56] [IPN Recebido (GET): {"data_id":"135208111476","type":"payment"}IPN_RECEBIDO]
[2025-11-25 19:11:02] [IPN Recebido (GET): {"data_id":"135208235948","type":"payment"}IPN_RECEBIDO]
[2025-11-25 19:11:06] [IPN Recebido (GET): {"id":"135208111476","topic":"payment"}IPN_RECEBIDO]
